{"event": "start", "name": "mini-pspace-npspace", "time": 1781516361.3132088}
{"event": "round_start", "round": 1, "before": 3101, "time": 1781516361.3172758}
已读取 `SKILL.md`。这是一份 **GOLD SKILL** 知识文件，定义了 "Mini-Theory-of-Computation" 项目的完整规范。以下是核心内容摘要：

---

### 零、双标准原则
每个子模块必须同时满足：
- **准入条件**：每个 `mini-xxx/` 子模块 `include/` + `src/` 合计 ≥ **3,000 行**
- **完成条件**：九层知识覆盖 L1-L6 Complete + L7-L9 Partial+

### 一、九层知识体系 (L1-L9)
| Level | 名称 | 示例 |
|-------|------|------|
| L1 | Definitions | P, NP, Turing machine, circuit family |
| L2 | Core Concepts | polynomial time, non-determinism, hierarchy |
| L3 | Mathematical Structures | Turing machine (Q,Σ,Γ,δ), Boolean circuit DAG |
| L4 | Fundamental Laws | Cook-Levin, Time Hierarchy, Savitch |
| L5 | Algorithms | DPLL/CDCL SAT solving, IP=PSPACE |
| L6 | Canonical Problems | SAT, 3SAT, CLIQUE, TQBF |
| L7 | Applications | cryptography, formal verification, PAC learning |
| L8 | Advanced Topics | PCP Theorem, natural proofs barrier |
| L9 | Research Frontiers | meta-complexity, GCT, quantum complexity |

### 三、九校课程对标
对标 **MIT · Stanford · Berkeley · CMU · Princeton · Caltech · Cambridge · Oxford · ETH** 九所世界顶级院校的研究生课程核心交集。

### 四、禁止行为
- **代码质量禁止**：不允许伪示例、空函数签名、未编译通过等
- **凑行数禁止** (Anti-Filler Iron Law)：禁止循环生成函数桩、同模式重复 >3 次、`_fn1.._fnN` 连续函数名
- **Lean 4 形式化禁止**：禁止 `by trivial` 证明非平凡命题、跨文件复制粘贴、`sorry` 留白等

### 五、每子模块必须输出
```
mini-xxx/
├── Makefile / README.md
├── include/ (≥4 头文件)
├── src/ (≥4 C 实现 + ≥1 Lean 4 形式化)
├── tests/ / examples/ (≥3) / demos/ / benches/
└── docs/ (knowledge-graph, coverage-report, gap-report, course-alignment, course-tree)
```

### 六·九·十、完成标准 + 自检 + 安全审查
- 使用 `deep_audit.py` 对每个子模块评分（Complete=2, Partial=1, Missing=0）
- 总分 ≥16/18 且 L1、L4 不缺失 → **COMPLETE**
- 安全审查零容忍：凑行数扫描、桩代码检测、空文件检测必须全部通过

---

需要我对这份文件的某个部分做详细解读，或者对当前项目目录执行审计吗？
{"event": "round_end", "round": 1, "after": 3101, "delta": 0, "exit": 0, "time": 1781516380.9169204}

============================================================
  Ralph Worker: mini-pspace-npspace
  Max rounds: 2 | Timeout: 300s
  Log: F:\nano-everything\mini-theory-of-computation\0. mini-complexity-foundations\mini-pspace-npspace\ralph.log
============================================================


--- Round 1/2 | Lines: 3101 ---

  Result: 3101 -> 3101 (+0)
Traceback (most recent call last):
  File "F:\nano-everything\mini-theory-of-computation\0. mini-complexity-foundations\mini-pspace-npspace\ralph_worker.py", line 67, in <module>
    if readme.exists() and "COMPLETE" in readme.read_text(encoding="utf-8"):
                                         ~~~~~~~~~~~~~~~~^^^^^^^^^^^^^^^^^^
  File "D:\ProgramData\anaconda3\Lib\pathlib\_local.py", line 546, in read_text
    return PathBase.read_text(self, encoding, errors, newline)
           ~~~~~~~~~~~~~~~~~~^^^^^^^^^^^^^^^^^^^^^^^^^^^^^^^^^
  File "D:\ProgramData\anaconda3\Lib\pathlib\_abc.py", line 633, in read_text
    return f.read()
           ~~~~~~^^
  File "<frozen codecs>", line 325, in decode
UnicodeDecodeError: 'utf-8' codec can't decode byte 0xa1 in position 22: invalid start byte
