{"event": "start", "name": "mini-space-hierarchy", "time": 1781516504.4116924}
{"event": "round_start", "round": 1, "before": 2828, "time": 1781516504.4140272}
I've read the `SKILL.md` file. Here's a summary of its contents:

---

## SKILL.md — Gold Standard for Mini-Theory-of-Computation

This is a **governance document** that defines the rules, standards, and processes for building a rigorous, knowledge-first implementation of computational complexity theory.

### Key Sections:

| Section | Purpose |
|---------|---------|
| **§0 — Dual Standard** | Each submodule must have **≥3,000 lines** of C code (`include/` + `src/`) AND meet knowledge coverage (L1-L6 Complete, L7-L9 Partial). Both conditions are independently required. |
| **§1 — Core Principles** | Code is a knowledge carrier. One knowledge point → one natural implementation → one test → one example. Targets the common core of MIT, Stanford, Berkeley, CMU, Princeton, Caltech, Cambridge, Oxford, ETH. |
| **§2 — Nine Knowledge Levels (L1-L9)** | L1=Definitions, L2=Core Concepts, L3=Math Structures, L4=Fundamental Laws, L5=Algorithms, L6=Canonical Problems, L7=Applications, L8=Advanced Topics, L9=Research Frontiers |
| **§3 — 9-School Curriculum Alignment** | Maps each school's unique perspective (e.g., MIT quantum complexity, Berkeley PCP theorem, ETH logic) |
| **§4 — Prohibited Behaviors** | Anti-filler iron law (no auto-generated stubs), Lean 4 rules (no `by trivial` on non-trivial props, no cross-file duplication), knowledge coverage rules (no empty claims) |
| **§5 — Mandatory Artifacts** | Each `mini-xxx/` must have `include/`, `src/`, `tests/`, `examples/`, `demos/`, `benches/`, `docs/` with 5 knowledge documents |
| **§6 — Completion Criteria** | L1-L6 = Complete, L7-L8 = Partial+, L9 = Partial. Scoring: Complete=2, Partial=1, Missing=0. ≥16/18 = COMPLETE |
| **§7 — Directory Structure** | Three groups: `0.mini-complexity-foundations/` (8 modules including cook-levin, time hierarchy, space hierarchy, etc.), `1.mini-circuit-complexity/` (11 modules), `2.mini-algorithmic-complexity/` (future) |
| **§8 — Audit Process** | 6-step audit: knowledge extraction → graph → coverage → code review → filler scan → status declaration |
| **§9 — Self-Check Checklist** | Deep audit grep commands for each L1-L9 layer. Forbidden self-deception patterns. |
| **§10 — Safety Review** | Filler detection (`_fn\d+`, `_aux\d+`, `SystemMetric`, `by trivial`, `sorry`), stub detection, empty file detection, knowledge doc completeness, self-consistency. **Zero tolerance.** |
| **§11 — Reference Textbooks** | Arora & Barak, Sipser, Goldreich, Papadimitriou, Moore & Mertens, Vollmer, Jukna, O'Donnell, Nielsen & Chuang, etc. |

### Current Working Directory
You're in `mini-space-hierarchy/` (a submodule of `0.mini-complexity-foundations/`). The SKILL.md expects this module to meet the ≥3,000 line threshold and L1-L6 Complete coverage.
{"event": "round_end", "round": 1, "after": 2828, "delta": 0, "exit": 0, "time": 1781516525.7871194}
{"event": "complete", "time": 1781516525.7874084}
{"event": "done", "lines": 2828, "readme": true, "time": 1781516525.789829}
